<?xml version="1.0" encoding="UTF-8"?>
<!-- Generated by org.testng.reporters.JUnitXMLReporter -->
<testsuite ignored="0" hostname="Asam" failures="1" tests="1" name="Test" time="30.689" errors="0" timestamp="2024-08-12T10:45:15 IST">
  <testcase classname="testCases.TC_002_AddingProductToCart" name="addToCart" time="17.896">
    <failure type="java.lang.AssertionError" message="null">
      <![CDATA[java.lang.AssertionError: null
at testCases.TC_002_AddingProductToCart.addToCart(TC_002_AddingProductToCart.java:59)
at java.base/java.util.ArrayList.forEach(ArrayList.java:1596)
... Removed 27 stack frames]]>
    </failure>
  </testcase> <!-- addToCart -->
</testsuite> <!-- Test -->
