<?xml version="1.0" encoding="UTF-8"?>
<testng-results ignored="0" total="1" passed="1" failed="0" skipped="0">
  <reporter-output>
  </reporter-output>
  <suite started-at="2024-08-19T10:52:24 IST" name="Suite" finished-at="2024-08-19T10:52:39 IST" duration-ms="15838">
    <groups>
      <group name="regression">
        <method signature="TC_001_LoginTest.loginTest()[pri:0, instance:testCases.TC_001_LoginTest@669513d8]" name="loginTest" class="testCases.TC_001_LoginTest"/>
      </group> <!-- regression -->
      <group name="sanity">
        <method signature="TC_001_LoginTest.loginTest()[pri:0, instance:testCases.TC_001_LoginTest@669513d8]" name="loginTest" class="testCases.TC_001_LoginTest"/>
      </group> <!-- sanity -->
      <group name="master">
        <method signature="TC_001_LoginTest.loginTest()[pri:0, instance:testCases.TC_001_LoginTest@669513d8]" name="loginTest" class="testCases.TC_001_LoginTest"/>
      </group> <!-- master -->
    </groups>
    <test started-at="2024-08-19T10:52:24 IST" name="Test" finished-at="2024-08-19T10:52:39 IST" duration-ms="15838">
      <class name="testCases.TC_001_LoginTest">
        <test-method is-config="true" signature="setup(java.lang.String,java.lang.String)[pri:0, instance:testCases.TC_001_LoginTest@669513d8]" started-at="2024-08-19T10:52:24 IST" name="setup" finished-at="2024-08-19T10:52:33 IST" duration-ms="8958" status="PASS">
          <params>
            <param index="0">
              <value>
                <![CDATA[Windows]]>
              </value>
            </param>
            <param index="1">
              <value>
                <![CDATA[chrome]]>
              </value>
            </param>
          </params>
          <reporter-output>
          </reporter-output>
        </test-method> <!-- setup -->
        <test-method signature="loginTest()[pri:0, instance:testCases.TC_001_LoginTest@669513d8]" started-at="2024-08-19T10:52:33 IST" name="loginTest" finished-at="2024-08-19T10:52:39 IST" duration-ms="5965" status="PASS">
          <reporter-output>
          </reporter-output>
        </test-method> <!-- loginTest -->
        <test-method is-config="true" signature="tearDown()[pri:0, instance:testCases.TC_001_LoginTest@669513d8]" started-at="2024-08-19T10:52:39 IST" name="tearDown" finished-at="2024-08-19T10:52:39 IST" duration-ms="319" status="PASS">
          <reporter-output>
          </reporter-output>
        </test-method> <!-- tearDown -->
      </class> <!-- testCases.TC_001_LoginTest -->
    </test> <!-- Test -->
  </suite> <!-- Suite -->
</testng-results>
